TN:
SF:src/app.ts
FNF:0
FNH:0
DA:9,1
DA:11,1
DA:12,1
DA:13,1
DA:15,1
DA:17,1
DA:18,1
DA:21,1
LF:8
LH:8
BRDA:17,0,0,1
BRF:1
BRH:1
end_of_record
TN:
SF:src/database.ts
FNF:0
FNH:0
DA:3,1
DA:4,1
LF:2
LH:2
BRF:0
BRH:0
end_of_record
TN:
SF:src/setup.ts
FNF:0
FNH:0
DA:2,1
LF:1
LH:1
BRF:0
BRH:0
end_of_record
TN:
SF:src/controllers/e2eController.ts
FN:4,reset
FN:10,seed
FNF:2
FNH:0
FNDA:0,reset
FNDA:0,seed
DA:5,0
DA:7,0
DA:11,0
DA:13,0
LF:4
LH:0
BRF:0
BRH:0
end_of_record
TN:
SF:src/controllers/recommendationController.ts
FN:6,insert
FN:17,upvote
FN:25,downvote
FN:33,random
FN:39,get
FN:44,getTop
FN:51,getById
FNF:7
FNH:7
FNDA:8,insert
FNDA:2,upvote
FNDA:2,downvote
FNDA:2,random
FNDA:4,get
FNDA:1,getTop
FNDA:2,getById
DA:7,8
DA:8,8
DA:9,2
DA:12,6
DA:14,5
DA:18,2
DA:20,2
DA:22,1
DA:26,2
DA:28,2
DA:30,1
DA:34,2
DA:36,1
DA:40,4
DA:41,4
DA:45,1
DA:47,1
DA:48,1
DA:52,2
DA:54,2
DA:55,1
DA:58,1
LF:22
LH:22
BRDA:8,0,0,2
BRF:1
BRH:1
end_of_record
TN:
SF:src/middlewares/errorHandlerMiddleware.ts
FN:8,errorHandlerMiddleware
FNF:1
FNH:1
FNDA:7,errorHandlerMiddleware
DA:14,7
DA:16,7
DA:17,7
DA:20,0
LF:4
LH:3
BRDA:16,0,0,7
BRF:1
BRH:1
end_of_record
TN:
SF:src/repositories/recommendationRepository.ts
FN:5,create
FN:16,findAll
FN:26,getAmountByScore
FN:33,getFindAllFilter
FN:45,find
FN:51,findByName
FN:57,updateScore
FN:66,remove
FN:72,truncate
FN:76,seed
FNF:10
FNH:7
FNDA:5,create
FNDA:7,findAll
FNDA:1,getAmountByScore
FNDA:7,getFindAllFilter
FNDA:6,find
FNDA:6,findByName
FNDA:2,updateScore
FNDA:0,remove
FNDA:0,truncate
FNDA:0,seed
DA:6,5
DA:17,7
DA:19,7
DA:27,1
DA:36,7
DA:38,2
DA:40,2
DA:46,6
DA:52,6
DA:58,2
DA:67,0
DA:73,0
DA:77,0
DA:97,1
LF:14
LH:11
BRDA:36,0,0,5
BRF:1
BRH:1
end_of_record
TN:
SF:src/routers/e2eRouter.ts
FNF:0
FNH:0
DA:4,1
DA:6,1
DA:7,1
LF:3
LH:3
BRF:0
BRH:0
end_of_record
TN:
SF:src/routers/recommendationRouter.ts
FNF:0
FNH:0
DA:4,1
DA:6,1
DA:7,1
DA:8,1
DA:9,1
DA:10,1
DA:11,1
DA:12,1
LF:8
LH:8
BRF:0
BRH:0
end_of_record
TN:
SF:src/schemas/recommendationsSchemas.ts
FNF:0
FNH:0
DA:4,1
DA:6,1
LF:2
LH:2
BRF:0
BRH:0
end_of_record
TN:
SF:src/services/recommendationsService.ts
FN:7,insert
FN:17,upvote
FN:23,downvote
FN:36,getByIdOrFail
FN:43,get
FN:47,getTop
FN:51,getRandom
FN:64,getByScore
FN:77,getScoreFilter
FN:85,truncate
FN:89,seed
FNF:11
FNH:9
FNDA:6,insert
FNDA:2,upvote
FNDA:2,downvote
FNDA:6,getByIdOrFail
FNDA:4,get
FNDA:1,getTop
FNDA:2,getRandom
FNDA:2,getByScore
FNDA:2,getScoreFilter
FNDA:0,truncate
FNDA:0,seed
DA:8,6
DA:11,6
DA:12,1
DA:14,5
DA:18,2
DA:20,1
DA:24,2
DA:26,1
DA:31,1
DA:32,0
DA:37,6
DA:38,6
DA:40,3
DA:44,4
DA:48,1
DA:52,2
DA:53,2
DA:55,2
DA:56,2
DA:57,1
DA:60,1
DA:61,1
DA:65,2
DA:70,2
DA:71,1
DA:74,1
DA:78,2
DA:79,1
DA:82,1
DA:86,0
DA:90,0
DA:93,1
LF:32
LH:29
BRDA:11,0,0,1
BRDA:31,1,0,0
BRDA:38,2,0,3
BRDA:56,3,0,1
BRDA:70,4,0,1
BRDA:78,5,0,1
BRF:6
BRH:5
end_of_record
TN:
SF:src/utils/errorUtils.ts
FN:7,isAppError
FN:11,errorTypeToStatusCode
FN:19,conflictError
FN:23,notFoundError
FN:27,unauthorizedError
FN:31,wrongSchemaError
FNF:6
FNH:5
FNDA:7,isAppError
FNDA:7,errorTypeToStatusCode
FNDA:1,conflictError
FNDA:4,notFoundError
FNDA:0,unauthorizedError
FNDA:2,wrongSchemaError
DA:8,7
DA:12,7
DA:13,6
DA:14,2
DA:15,2
DA:16,0
DA:20,1
DA:24,4
DA:28,0
DA:32,2
LF:10
LH:8
BRDA:12,0,0,1
BRDA:13,1,0,4
BRDA:14,2,0,0
BRDA:15,3,0,2
BRDA:20,4,0,1
BRDA:20,4,1,0
BRDA:20,5,0,1
BRDA:20,5,1,1
BRDA:24,6,0,0
BRDA:24,6,1,4
BRDA:24,7,0,4
BRDA:24,7,1,4
BRDA:28,8,0,0
BRDA:28,8,1,0
BRDA:28,9,0,0
BRDA:28,9,1,0
BRDA:32,10,0,0
BRDA:32,10,1,2
BRDA:32,11,0,2
BRDA:32,11,1,2
BRF:20
BRH:12
end_of_record
TN:
SF:tests/factory/recommendationBodyFactory.ts
FN:3,recommendationBodyFactory
FNF:1
FNH:1
FNDA:4,recommendationBodyFactory
DA:4,4
DA:20,4
LF:2
LH:2
BRF:0
BRH:0
end_of_record
